  .   ____          _            __ _ _
 /\\ / ___'_ __ _ _(_)_ __  __ _ \ \ \ \
( ( )\___ | '_ | '_| | '_ \/ _` | \ \ \ \
 \\/  ___)| |_)| | | | | || (_| |  ) ) ) )
  '  |____| .__|_| |_|_| |_\__, | / / / /
 =========|_|==============|___/=/_/_/_/

 :: Spring Boot ::                (v3.3.0)

2025-12-13T23:34:38.603+07:00  INFO 17028 --- [quickslide-backend] [           main] com.hust.Main                            : Starting Main v1.0-SNAPSHOT using Java 22.0.2 with PID 17028 (C:\Users\Dang Hai\QuickSlideP2\backend\target\quickslide-backend-1.0-SNAPSHOT.jar started by Dang Hai in C:\Users\Dang Hai\QuickSlideP2\backend)
2025-12-13T23:34:38.607+07:00  INFO 17028 --- [quickslide-backend] [           main] com.hust.Main                            : No active profile set, falling back to 1 default profile: "default"
2025-12-13T23:34:39.629+07:00  INFO 17028 --- [quickslide-backend] [           main] .s.d.r.c.RepositoryConfigurationDelegate : Bootstrapping Spring Data JPA repositories in DEFAULT mode.
2025-12-13T23:34:39.703+07:00  INFO 17028 --- [quickslide-backend] [           main] .s.d.r.c.RepositoryConfigurationDelegate : Finished Spring Data repository scanning in 65 ms. Found 7 JPA repository interfaces.
2025-12-13T23:34:40.354+07:00  INFO 17028 --- [quickslide-backend] [           main] o.s.b.w.embedded.tomcat.TomcatWebServer  : Tomcat initialized with port 8080 (http)
2025-12-13T23:34:40.369+07:00  INFO 17028 --- [quickslide-backend] [           main] o.apache.catalina.core.StandardService   : Starting service [Tomcat]
2025-12-13T23:34:40.370+07:00  INFO 17028 --- [quickslide-backend] [           main] o.apache.catalina.core.StandardEngine    : Starting Servlet engine: [Apache Tomcat/10.1.24]
2025-12-13T23:34:40.414+07:00  INFO 17028 --- [quickslide-backend] [           main] o.a.c.c.C.[Tomcat].[localhost].[/api]    : Initializing Spring embedded WebApplicationContext
2025-12-13T23:34:40.417+07:00  INFO 17028 --- [quickslide-backend] [           main] w.s.c.ServletWebServerApplicationContext : Root WebApplicationContext: initialization completed in 1735 ms
2025-12-13T23:34:40.638+07:00  INFO 17028 --- [quickslide-backend] [           main] o.hibernate.jpa.internal.util.LogHelper  : HHH000204: Processing PersistenceUnitInfo [name: default]
2025-12-13T23:34:40.763+07:00  INFO 17028 --- [quickslide-backend] [           main] org.hibernate.Version                    : HHH000412: Hibernate ORM core version 6.5.2.Final
2025-12-13T23:34:40.848+07:00  INFO 17028 --- [quickslide-backend] [           main] o.h.c.internal.RegionFactoryInitiator    : HHH000026: Second-level cache disabled
2025-12-13T23:34:41.253+07:00  INFO 17028 --- [quickslide-backend] [           main] o.s.o.j.p.SpringPersistenceUnitInfo      : No LoadTimeWeaver setup: ignoring JPA class transformer
2025-12-13T23:34:41.289+07:00  INFO 17028 --- [quickslide-backend] [           main] com.zaxxer.hikari.HikariDataSource       : HikariPool-1 - Starting...
2025-12-13T23:34:41.525+07:00  INFO 17028 --- [quickslide-backend] [           main] com.zaxxer.hikari.pool.HikariPool        : HikariPool-1 - Added connection org.postgresql.jdbc.PgConnection@210a26b
2025-12-13T23:34:41.528+07:00  INFO 17028 --- [quickslide-backend] [           main] com.zaxxer.hikari.HikariDataSource       : HikariPool-1 - Start completed.
2025-12-13T23:34:41.567+07:00  WARN 17028 --- [quickslide-backend] [           main] org.hibernate.orm.deprecation            : HHH90000025: PostgreSQLDialect does not need to be specified explicitly using 'hibernate.dialect' (remove the property setting and it will be selected by default)
